<?xml version="1.0" encoding="UTF-8"?>
<testsuite xmlns:xsi="http://www.w3.org/2001/XMLSchema-instance" xsi:noNamespaceSchemaLocation="https://maven.apache.org/surefire/maven-surefire-plugin/xsd/surefire-test-report.xsd" version="3.0.2" name="com.cloty.web.AuthControllerIntegrationTest" time="9.544" tests="2" errors="0" skipped="0" failures="0" flakes="0">
  <properties>
[...]
</properties>
  <testcase name="loginConCredencialesInvalidasRetorna400" classname="com.cloty.web.AuthControllerIntegrationTest" time="1.06">
    <system-out><![CDATA[2026-06-28T17:24:15.358-04:00  INFO 9028 --- [cloty-api] [           main] t.c.s.AnnotationConfigContextLoaderUtils : Could not detect default configuration classes for test class [com.cloty.web.AuthControllerIntegrationTest]: AuthControllerIntegrationTest does not declare any static, non-private, non-final, nested classes annotated with @Configuration.
2026-06-28T17:24:15.908-04:00  INFO 9028 --- [cloty-api] [           main] .b.t.c.SpringBootTestContextBootstrapper : Found @SpringBootConfiguration com.cloty.ClotyApiApplication for test class com.cloty.web.AuthControllerIntegrationTest
2026-06-28T17:24:15.913-04:00  INFO 9028 --- [cloty-api] [           main] t.c.s.AnnotationConfigContextLoaderUtils : Could not detect default configuration classes for test class [com.cloty.web.AuthControllerIntegrationTest]: AuthControllerIntegrationTest does not declare any static, non-private, non-final, nested classes annotated with @Configuration.
2026-06-28T17:24:15.919-04:00  INFO 9028 --- [cloty-api] [           main] .b.t.c.SpringBootTestContextBootstrapper : Found @SpringBootConfiguration com.cloty.ClotyApiApplication for test class com.cloty.web.AuthControllerIntegrationTest

  .   ____          _            __ _ _
 /\\ / ___'_ __ _ _(_)_ __  __ _ \ \ \ \
( ( )\___ | '_ | '_| | '_ \/ _` | \ \ \ \
 \\/  ___)| |_)| | | | | || (_| |  ) ) ) )
  '  |____| .__|_| |_|_| |_\__, | / / / /
 =========|_|==============|___/=/_/_/_/

 :: Spring Boot ::                (v4.0.6)

2026-06-28T17:24:16.320-04:00  INFO 9028 --- [cloty-api] [           main] c.c.web.AuthControllerIntegrationTest    : Starting AuthControllerIntegrationTest using Java 21.0.8 with PID 9028 (started by Matias Ignacio in C:\Users\Matias Ignacio\Desktop\ProyectoTitulo\Software\Cloty\cloty-api)
2026-06-28T17:24:16.320-04:00  INFO 9028 --- [cloty-api] [           main] c.c.web.AuthControllerIntegrationTest    : The following 1 profile is active: "test"
2026-06-28T17:24:18.425-04:00  INFO 9028 --- [cloty-api] [           main] .s.d.r.c.RepositoryConfigurationDelegate : Bootstrapping Spring Data JPA repositories in DEFAULT mode.
2026-06-28T17:24:18.607-04:00  INFO 9028 --- [cloty-api] [           main] .s.d.r.c.RepositoryConfigurationDelegate : Finished Spring Data repository scanning in 174 ms. Found 14 JPA repository interfaces.
2026-06-28T17:24:19.727-04:00  INFO 9028 --- [cloty-api] [           main] org.hibernate.orm.jpa                    : HHH008540: Processing PersistenceUnitInfo [name: default]
2026-06-28T17:24:20.071-04:00  INFO 9028 --- [cloty-api] [           main] o.s.o.j.p.SpringPersistenceUnitInfo      : No LoadTimeWeaver setup: ignoring JPA class transformer
2026-06-28T17:24:20.103-04:00  INFO 9028 --- [cloty-api] [           main] com.zaxxer.hikari.HikariDataSource       : HikariPool-2 - Starting...
2026-06-28T17:24:20.111-04:00  INFO 9028 --- [cloty-api] [           main] com.zaxxer.hikari.pool.HikariPool        : HikariPool-2 - Added connection conn10: url=jdbc:h2:mem:cloty user=SA
2026-06-28T17:24:20.113-04:00  INFO 9028 --- [cloty-api] [           main] com.zaxxer.hikari.HikariDataSource       : HikariPool-2 - Start completed.
2026-06-28T17:24:20.115-04:00  WARN 9028 --- [cloty-api] [           main] org.hibernate.orm.core                   : HHH000511: The 2.4.240 version for [org.hibernate.dialect.MySQLDialect] is no longer supported, hence certain features may not work properly.The minimum supported version is 8.0.0. Check the community dialects project for available legacy versions.
2026-06-28T17:24:20.118-04:00  WARN 9028 --- [cloty-api] [           main] org.hibernate.orm.deprecation            : HHH90000025: MySQLDialect does not need to be specified explicitly using 'hibernate.dialect' (remove the property setting and it will be selected by default)
2026-06-28T17:24:20.121-04:00  INFO 9028 --- [cloty-api] [           main] org.hibernate.orm.connections.pooling    : HHH10001005: Database info:
	Database JDBC URL [jdbc:h2:mem:cloty]
	Database driver: H2 JDBC Driver
	Database dialect: MySQLDialect
	Database version: 2.4.240
	Default catalog/schema: cloty/public
	Autocommit mode: undefined/unknown
	Isolation level: READ_COMMITTED [default READ_COMMITTED]
	JDBC fetch size: 100
	Pool: DataSourceConnectionProvider
	Minimum pool size: undefined/unknown
	Maximum pool size: undefined/unknown
2026-06-28T17:24:20.898-04:00  INFO 9028 --- [cloty-api] [           main] org.hibernate.orm.core                   : HHH000489: No JTA platform available (set 'hibernate.transaction.jta.platform' to enable JTA platform integration)
2026-06-28T17:24:21.025-04:00  INFO 9028 --- [cloty-api] [           main] j.LocalContainerEntityManagerFactoryBean : Initialized JPA EntityManagerFactory for persistence unit 'default'
2026-06-28T17:24:21.037-04:00  WARN 9028 --- [cloty-api] [           main] com.cloty.config.MailStartupLogger       : Correo Cloty DESACTIVADO (cloty.mail.enabled=false). Revise application-local.properties.
2026-06-28T17:24:22.652-04:00  INFO 9028 --- [cloty-api] [           main] r$InitializeUserDetailsManagerConfigurer : Global AuthenticationManager configured with UserDetailsService bean with name clotyUserDetailsService
2026-06-28T17:24:23.256-04:00  INFO 9028 --- [cloty-api] [           main] o.s.b.t.m.w.SpringBootMockServletContext : Initializing Spring TestDispatcherServlet ''
2026-06-28T17:24:23.257-04:00  INFO 9028 --- [cloty-api] [           main] o.s.t.web.servlet.TestDispatcherServlet  : Initializing Servlet ''
2026-06-28T17:24:23.264-04:00  INFO 9028 --- [cloty-api] [           main] o.s.t.web.servlet.TestDispatcherServlet  : Completed initialization in 7 ms
2026-06-28T17:24:23.431-04:00  INFO 9028 --- [cloty-api] [           main] c.c.web.AuthControllerIntegrationTest    : Started AuthControllerIntegrationTest in 7.396 seconds (process running for 31.672)
]]></system-out>
  </testcase>
  <testcase name="registroApoderadoValidaPasswordMinima" classname="com.cloty.web.AuthControllerIntegrationTest" time="0.242"/>
</testsuite>