<?xml version="1.0" encoding="UTF-8"?>
<testsuite xmlns:xsi="http://www.w3.org/2001/XMLSchema-instance" xsi:noNamespaceSchemaLocation="https://maven.apache.org/surefire/maven-surefire-plugin/xsd/surefire-test-report.xsd" version="3.0.2" name="com.cloty.service.UbicacionServiceTest" time="0.204" tests="6" errors="0" skipped="0" failures="0" flakes="0">
  <properties>
[...]
</properties>
  <testcase name="obtenerComunaDevuelveDatos" classname="com.cloty.service.UbicacionServiceTest" time="0.167"/>
  <testcase name="validarComunaNullNoHaceNada" classname="com.cloty.service.UbicacionServiceTest" time="0.006"/>
  <testcase name="listarRegionesOrdenadas" classname="com.cloty.service.UbicacionServiceTest" time="0.009"/>
  <testcase name="validarComunaExistente" classname="com.cloty.service.UbicacionServiceTest" time="0.003"/>
  <testcase name="listarComunasPorRegionValidaExistencia" classname="com.cloty.service.UbicacionServiceTest" time="0.003"/>
  <testcase name="validarComunaInexistenteLanzaExcepcion" classname="com.cloty.service.UbicacionServiceTest" time="0.004"/>
</testsuite>